<?xml version="1.0" encoding="UTF-8"?>
<!-- Generated by org.testng.reporters.JUnitReportReporter -->
<testsuite skipped="0" hostname="Ajith-PC" name="scripts.TestInvalidLogin" tests="2" failures="0" timestamp="02 Dec 2018 06:18:41 GMT" time="36.901" errors="0">
  <testcase name="testInvalidLogin" time="13.470" classname="scripts.TestInvalidLogin"/>
  <testcase name="testInvalidLogin" time="23.431" classname="scripts.TestInvalidLogin"/>
</testsuite> <!-- scripts.TestInvalidLogin -->
