<?xml version="1.0" encoding="UTF-8"?>
<!-- Generated by org.testng.reporters.JUnitReportReporter -->
<testsuite skipped="0" hostname="Ajith-PC" name="scripts.TestValidLogin" tests="1" failures="0" timestamp="01 Dec 2018 01:19:06 GMT" time="11.312" errors="0">
  <testcase name="testValidLogin" time="11.312" classname="scripts.TestValidLogin"/>
</testsuite> <!-- scripts.TestValidLogin -->
